1531654100204	geckodriver	INFO	Listening on 127.0.0.1:60560
1531654103267	mozprofile::profile	INFO	Using profile path C:\Users\Lenovo\AppData\Local\Temp\rust_mozprofile.P9gRByhddSj2
1531654103273	geckodriver::marionette	INFO	Starting browser C:\Program Files\Mozilla Firefox\firefox.exe
1531654103282	geckodriver::marionette	INFO	Connecting to Marionette on localhost:60569
1531654105601	Marionette	INFO	Listening on port 60569
1531654107438	Marionette	INFO	startBrowser 8b5c9882-26f6-4bc7-b37c-c33560da8d29
JavaScript warning: https://s3.music.126.net/web/s/core.js?8722746520ab92c880ddfee1f94fe7a4, line 94: unreachable code after return statement
JavaScript warning: https://s3.music.126.net/web/s/pt_musicbox_mailplayer.js?0c59e24320c9843480b30e93df4d1e11, line 11: unreachable code after return statement
JavaScript warning: https://s3.music.126.net/web/s/pt_musicbox_mailplayer.js?0c59e24320c9843480b30e93df4d1e11, line 11: unreachable code after return statement
[Child 7956] ###!!! ABORT: Aborting on channel error.: file c:/builds/moz2_slave/m-rel-w64-00000000000000000000/build/src/ipc/glue/MessageChannel.cpp, line 2052
[Child 7956] ###!!! ABORT: Aborting on channel error.: file c:/builds/moz2_slave/m-rel-w64-00000000000000000000/build/src/ipc/glue/MessageChannel.cpp, line 2052

TaskImpl@resource://gre/modules/Task.jsm:280:3
createAsyncFunction/asyncFunction@resource://gre/modules/Task.jsm:254:14
Task_spawn@resource://gre/modules/Task.jsm:168:12
dispatch/<@chrome://marionette/content/listener.js:186:15

*************************
console.error: 
  Protocol error (noSuchActor): No such actor for ID: server1.conn0.child1/highlighter31
[Child 7060] WARNING: pipe error: 109: file c:/builds/moz2_slave/m-rel-w64-00000000000000000000/build/src/ipc/chromium/src/chrome/common/ipc_channel_win.cc, line 346
[Child 7060] WARNING:ssageChannel.cpp, line 2052
Function/asyncFunction@resource://gre/modules/Task.jsm:254:14
Task_spawn@resource://gre/modules/Task.jsm:168:12
TaskImpl_handleResultValue@resource://gre/modules/Task.jsm:388:16
TaskImpl_run@resource://gre/modules/Task.jsm:327:13
TaskImpl@resource://gre/modules/Task.jsm:280:3
createAsyncFunction/asyncFunction@resource://gre/modules/Task.jsm:254:14
Task_spawn@resource://gre/modules/Task.jsm:168:12
dispatch/<@chrome://marionette/content/listener.js:186:15

*************************
*************************
A coding exception was thrown and uncaught in a Task.

Full message: TypeError: can't access dead object
Full stack: find_@chrome://marionette/content/element.js:279:7
element.find/</findElements<@chrome://marionette/content/element.js:250:15
implicitlyWaitFor/</elementSearch@chrome://marionette/content/element.js:575:15
implicitlyWaitFor/<@chrome://marionette/content/element.js:594:5
implicitlyWaitFor@chrome://marionette/content/element.js:568:10
element.find/<@chrome://marionette/content/element.js:249:24
element.find@chrome://marionette/content/element.js:248:10
findElementContent@chrome://marionette/content/listener.js:1044:18
TaskImpl_run@resource://gre/modules/Task.jsm:319:40
TaskImpl@resource://gre/modules/Task.jsm:280:3
createAsyncFunction/asyncFunction@resource://gre/modules/Task.jsm:254:14
Task_spawn@resource://gre/modules/Task.jsm:168:12
TaskImpl_handleResultValue@resource://gre/modules/Task.jsm:388:16
TaskImpl_run@resource://gre/modules/Task.jsm:327:13
TaskImpl@resource://gre/modules/Task.jsm:280:3
createAsyncFunction/asyncFunction@resource://gre/modules/Task.jsm:254:14
Task_spawn@resource://gre/modules/Task.jsm:168:12
dispatch/<@chrome://marionette/content/listener.js:186:15

*************************
JavaScript warning: https://s3.music.126.net/web/s/core.js?8722746520ab92c880ddfee1f94fe7a4, line 94: unreachable code after return statement
JavaScript warning: https://s3.music.126.net/web/s/core.js?8722746520ab92c880ddfee1f94fe7a4, line 94: unreachable code after return statement
JavaScript warning: https://s3.music.126.net/web/s/pt_musicbox_mailplayer.js?0c59e24320c9843480b30e93df4d1e11, line 11: unreachable code after return statement
JavaScript warningJavaScript warning: https://s3.music.126.net/web/s/core.js?8722746520ab92c880ddfee1f94fe7a4, line 94: unreachable code after return statement
JavaScript warning: https://s3.music.126.net/web/s/core.js?8722746520ab92c880ddfee1f94fe7a4, line 94: unreachable code after return statement
JavaScript warning: https://s3.music.126.net/web/s/pt_musicbox_mailplayer.js?0c59e24320c9843480b30e93df4d1e11, line 11: unreachable code after return statement
JavaScript warning: https://s3.music.126.net/web/s/pt_musicbox_mailplayer.js?0c59e24320c9843480b30e93df4d1e11, line 11: unreachable code after return statement
Handler function NetworkEventActorProxy.addSecurityInfo threw an exception: [Exception... "Component returned failure code: 0xc1f30001 (NS_ERROR_NOT_INITIALIZED) [nsIMessageSender.sendAsyncMessage]"  nsresult: "0xc1f30001 (NS_ERROR_NOT_INITIALIZED)"  location: "JS frame :: resource://gre/modules/commonjs/toolkit/loader.js -> resource://devtools/shared/webconsole/network-monitor.js :: NetworkEventActorProxy.methodFactory/< :: line 1538"  data: no]
Stack: NetworkEventActorProxy.methodFactory/<@resource://gre/modules/commonjs/toolkit/loader.js -> resource://devtools/shared/webconsole/network-monitor.js:1538:5
exports.makeInfallible/<@resource://gre/modules/commonjs/toolkit/loader.js -> resource://devtools/shared/ThreadSafeDevToolsUtils.js:101:14
NetworkResponseListener.prototype._getSecurityInfo<@resource://gre/modules/commonjs/toolkit/loader.js -> resource://devtools/shared/webconsole/network-monitor.js:495:5
exports.makeInfallible/<@resource://gre/modules/commonjs/toolkit/loader.js -> resource://devtools/shared/ThreadSafeDevToolsUtils.js:101:14
NetworkResponseListener.prototype.onStartRequest@resource://gre/modules/commonjs/toolkit/loader.js -> resource://devtools/shared/webconsole/network-monitor.js:444:5
Line: 1538, column: 0
console.error: 
  Handler function NetworkEventActorProxy.addSecurityInfo threw an exception: [Exception... "Component returned failure code: 0xc1f30001 (NS_ERROR_NOT_INITIALIZED) [nsIMessageSender.sendAsyncMessage]"  nsresult: "0xc1f30001 (NS_ERROR_NOT_INITIALIZED)"  location: "JS frame :: resource://gre/modules/commonjs/toolkit/loader.js -> resource://devtools/shared/webconsole/network-monitor.js :: NetworkEventActorProxy.methodFactory/< :: line 1538"  data: no]
Stack: NetworkEventActorProxy.methodFactory/<@resource://gre/modules/commonjs/toolkit/loader.js -> resource://devtools/shared/webconsole/network-monitor.js:1538:5
exports.makeInfallible/<@resource://gre/modules/commonjs/toolkit/loader.js -> resource://devtools/shared/ThreadSafeDevToolsUtils.js:101:14
NetworkResponseListener.prototype._getSecurityInfo<@resource://gre/modules/commonjs/toolkit/loader.js -> resource://devtools/shared/webconsole/network-monitor.js:495:5
exports.makeInfallible/<@resource://gre/modules/commonjs/toolkit/loader.js -> resource://devtools/shared/ThreadSafeDevToolsUtils.js:101:14
NetworkResponseListener.prototype.onStartRequest@resource://gre/modules/commonjs/toolkit/loader.js -> resource://devtools/shared/webconsole/network-monitor.js:444:5
Line: 1538, column: 0
Handler function NetworkEventActorProxy.addResponseContent threw an exception: [Exception... "Component returned failure code: 0xc1f30001 (NS_ERROR_NOT_INITIALIZED) [nsIMessageSender.sendAsyncMessage]"  nsresult: "0xc1f30001 (NS_ERROR_NOT_INITIALIZED)"  location: "JS frame :: resource://gre/modules/commonjs/toolkit/loader.js -> resource://devtools/shared/webconsole/network-monitor.js :: NetworkEventActorProxy.methodFactory/< :: line 1538"  data: no]
Stack: NetworkEventActorProxy.methodFactory/<@resource://gre/modules/commonjs/toolkit/loader.js -> resource://devtools/shared/webconsole/network-monitor.js:1538:5
exports.makeInfallible/<@resource://gre/modules/commonjs/toolkit/loader.js -> resource://devtools/shared/ThreadSafeDevToolsUtils.js:101:14
NetworkResponseListener.prototype._onComplete@resource://gre/modules/commonjs/toolkit/loader.js -> resource://devtools/shared/webconsole/network-monitor.js:628:5
NetworkResponseListener.prototype.onStreamClose@resource://gre/modules/commonjs/toolkit/loader.js -> resource://devtools/shared/webconsole/network-monitor.js:585:7
NetworkResponseListener.prototype.onInputStreamReady@resource://gre/modules/commonjs/toolkit/loader.js -> resource://devtools/shared/webconsole/network-monitor.js:678:7
Line: 1538, column: 0
console.error: 
  Handler function NetworkEventActorProxy.addResponseContent threw an exception: [Exception... "Component returned failure code: 0xc1f30001 (NS_ERROR_NOT_INITIALIZED) [nsIMessageSender.sendAsyncMessage]"  nsresult: "0xc1f30001 (NS_ERROR_NOT_INITIALIZED)"  location: "JS frame :: resource://gre/modules/commonjs/toolkit/loader.js -> resource://devtools/shared/webconsole/network-monitor.js :: NetworkEventActorProxy.methodFactory/< :: line 1538"  data: no]
Stack: NetworkEventActorProxy.methodFactory/<@resource://gre/modules/commonjs/toolkit/loader.js -> resource://devtools/shared/webconsole/network-monitor.js:1538:5
exports.makeInfallible/<@resource://gre/modules/commonjs/toolkit/loader.js -> resource://devtools/shared/ThreadSafeDevToolsUtils.js:101:14
NetworkResponseListener.prototype._onComplete@resource://gre/modules/commonjs/toolkit/loader.js -> resource://devtools/shared/webconsole/network-monitor.js:628:5
NetworkResponseListener.prototype.onStreamClose@resource://gre/modules/commonjs/toolkit/loader.js -> resource://devtools/shared/webconsole/network-monitor.js:585:7
NetworkResponseListener.prototype.onInputStreamReady@resource://gre/modules/commonjs/toolkit/loader.js -> resource://devtools/shared/webconsole/network-monitor.js:678:7
Line: 1538, column: 0
